        -:    0:Source:unittest1.c
        -:    0:Graph:unittest1.gcno
        -:    0:Data:unittest1.gcda
        -:    0:Runs:1
        -:    0:Programs:1
        -:    1:#include "dominion.h"
        -:    2:#include "dominion_helpers.h"
        -:    3:#include <string.h>
        -:    4:#include <stdio.h>
        -:    5:#include <assert.h>
        -:    6:#include "rngs.h"
        -:    7:
        1:    8:int main() {
        1:    9:	int test_a = 6;
        1:   10:	int test_b = 6;
        -:   11:
        1:   12:	int result = compare(&test_a, &test_b);
        1:   13:	printf("Testing completed. Result: %d\n", result);
        1:   14:	printf("other\n");
        -:   15:
        -:   16:	/* int compare(const void* a, const void* b) {
        -:   17:		if (*(int*)a > *(int*)b)
        -:   18:			return 1;
        -:   19:		if (*(int*)a < *(int*)b)
        -:   20:			return -1;
        -:   21:		return 0;
        -:   22:	} */
        -:   23:}
